2019年 6月 16日 日曜日 17:46:42 JST
./txl/java-extract-functions.x ALL.java >> examples/JHotDraw54b1_functions.xml
[] : TXL0911W - (Warning) Stack limit less than recommended for TXL size (probable cause: shell stack limit)
[] : TXL0913I - (Information) Recursion stack limit reduced from 20480000 to 7340032 to fit
[] : TXL0911W - (Warning) Stack limit less than recommended for TXL size (probable cause: shell stack limit)
[] : TXL0913I - (Information) Recursion stack limit reduced from 20480000 to 7340032 to fit
[] : TXL0911W - (Warning) Stack limit less than recommended for TXL size (probable cause: shell stack limit)
[] : TXL0913I - (Information) Recursion stack limit reduced from 20480000 to 7340032 to fit
[] : TXL0911W - (Warning) Stack limit less than recommended for TXL size (probable cause: shell stack limit)
[] : TXL0913I - (Information) Recursion stack limit reduced from 20480000 to 7340032 to fit
[] : TXL0911W - (Warning) Stack limit less than recommended for TXL size (probable cause: shell stack limit)
[] : TXL0913I - (Information) Recursion stack limit reduced from 20480000 to 7340032 to fit
[] : TXL0911W - (Warning) Stack limit less than recommended for TXL size (probable cause: shell stack limit)
[] : TXL0913I - (Information) Recursion stack limit reduced from 20480000 to 7340032 to fit
[] : TXL0911W - (Warning) Stack limit less than recommended for TXL size (probable cause: shell stack limit)
[] : TXL0913I - (Information) Recursion stack limit reduced from 20480000 to 7340032 to fit
[] : TXL0911W - (Warning) Stack limit less than recommended for TXL size (probable cause: shell stack limit)
[] : TXL0913I - (Information) Recursion stack limit reduced from 20480000 to 7340032 to fit
[] : TXL0911W - (Warning) Stack limit less than recommended for TXL size (probable cause: shell stack limit)
[] : TXL0913I - (Information) Recursion stack limit reduced from 20480000 to 7340032 to fit
[] : TXL0911W - (Warning) Stack limit less than recommended for TXL size (probable cause: shell stack limit)
[] : TXL0913I - (Information) Recursion stack limit reduced from 20480000 to 7340032 to fit
[] : TXL0911W - (Warning) Stack limit less than recommended for TXL size (probable cause: shell stack limit)
[] : TXL0913I - (Information) Recursion stack limit reduced from 20480000 to 7340032 to fit
[] : TXL0911W - (Warning) Stack limit less than recommended for TXL size (probable cause: shell stack limit)
[] : TXL0913I - (Information) Recursion stack limit reduced from 20480000 to 7340032 to fit
[] : TXL0911W - (Warning) Stack limit less than recommended for TXL size (probable cause: shell stack limit)
[] : TXL0913I - (Information) Recursion stack limit reduced from 20480000 to 7340032 to fit
[] : TXL0911W - (Warning) Stack limit less than recommended for TXL size (probable cause: shell stack limit)
[] : TXL0913I - (Information) Recursion stack limit reduced from 20480000 to 7340032 to fit
[] : TXL0911W - (Warning) Stack limit less than recommended for TXL size (probable cause: shell stack limit)
[] : TXL0913I - (Information) Recursion stack limit reduced from 20480000 to 7340032 to fit
[] : TXL0911W - (Warning) Stack limit less than recommended for TXL size (probable cause: shell stack limit)
[] : TXL0913I - (Information) Recursion stack limit reduced from 20480000 to 7340032 to fit
[] : TXL0911W - (Warning) Stack limit less than recommended for TXL size (probable cause: shell stack limit)
[] : TXL0913I - (Information) Recursion stack limit reduced from 20480000 to 7340032 to fit
[] : TXL0911W - (Warning) Stack limit less than recommended for TXL size (probable cause: shell stack limit)
[] : TXL0913I - (Information) Recursion stack limit reduced from 20480000 to 7340032 to fit
[] : TXL0911W - (Warning) Stack limit less than recommended for TXL size (probable cause: shell stack limit)
[] : TXL0913I - (Information) Recursion stack limit reduced from 20480000 to 7340032 to fit
[] : TXL0911W - (Warning) Stack limit less than recommended for TXL size (probable cause: shell stack limit)
[] : TXL0913I - (Information) Recursion stack limit reduced from 20480000 to 7340032 to fit
[] : TXL0911W - (Warning) Stack limit less than recommended for TXL size (probable cause: shell stack limit)
[] : TXL0913I - (Information) Recursion stack limit reduced from 20480000 to 7340032 to fit
[] : TXL0911W - (Warning) Stack limit less than recommended for TXL size (probable cause: shell stack limit)
[] : TXL0913I - (Information) Recursion stack limit reduced from 20480000 to 7340032 to fit
[] : TXL0911W - (Warning) Stack limit less than recommended for TXL size (probable cause: shell stack limit)
[] : TXL0913I - (Information) Recursion stack limit reduced from 20480000 to 7340032 to fit
[] : TXL0911W - (Warning) Stack limit less than recommended for TXL size (probable cause: shell stack limit)
[] : TXL0913I - (Information) Recursion stack limit reduced from 20480000 to 7340032 to fit
[] : TXL0911W - (Warning) Stack limit less than recommended for TXL size (probable cause: shell stack limit)
[] : TXL0913I - (Information) Recursion stack limit reduced from 20480000 to 7340032 to fit
[] : TXL0911W - (Warning) Stack limit less than recommended for TXL size (probable cause: shell stack limit)
[] : TXL0913I - (Information) Recursion stack limit reduced from 20480000 to 7340032 to fit
[] : TXL0911W - (Warning) Stack limit less than recommended for TXL size (probable cause: shell stack limit)
[] : TXL0913I - (Information) Recursion stack limit reduced from 20480000 to 7340032 to fit
[] : TXL0911W - (Warning) Stack limit less than recommended for TXL size (probable cause: shell stack limit)
[] : TXL0913I - (Information) Recursion stack limit reduced from 20480000 to 7340032 to fit
[] : TXL0911W - (Warning) Stack limit less than recommended for TXL size (probable cause: shell stack limit)
[] : TXL0913I - (Information) Recursion stack limit reduced from 20480000 to 7340032 to fit
[] : TXL0911W - (Warning) Stack limit less than recommended for TXL size (probable cause: shell stack limit)
[] : TXL0913I - (Information) Recursion stack limit reduced from 20480000 to 7340032 to fit
[] : TXL0911W - (Warning) Stack limit less than recommended for TXL size (probable cause: shell stack limit)
[] : TXL0913I - (Information) Recursion stack limit reduced from 20480000 to 7340032 to fit
[] : TXL0911W - (Warning) Stack limit less than recommended for TXL size (probable cause: shell stack limit)
[] : TXL0913I - (Information) Recursion stack limit reduced from 20480000 to 7340032 to fit
[] : TXL0911W - (Warning) Stack limit less than recommended for TXL size (probable cause: shell stack limit)
[] : TXL0913I - (Information) Recursion stack limit reduced from 20480000 to 7340032 to fit
[] : TXL0911W - (Warning) Stack limit less than recommended for TXL size (probable cause: shell stack limit)
[] : TXL0913I - (Information) Recursion stack limit reduced from 20480000 to 7340032 to fit
[] : TXL0911W - (Warning) Stack limit less than recommended for TXL size (probable cause: shell stack limit)
[] : TXL0913I - (Information) Recursion stack limit reduced from 20480000 to 7340032 to fit
[] : TXL0911W - (Warning) Stack limit less than recommended for TXL size (probable cause: shell stack limit)
[] : TXL0913I - (Information) Recursion stack limit reduced from 20480000 to 7340032 to fit
[] : TXL0911W - (Warning) Stack limit less than recommended for TXL size (probable cause: shell stack limit)
[] : TXL0913I - (Information) Recursion stack limit reduced from 20480000 to 7340032 to fit
[] : TXL0911W - (Warning) Stack limit less than recommended for TXL size (probable cause: shell stack limit)
[] : TXL0913I - (Information) Recursion stack limit reduced from 20480000 to 7340032 to fit
[] : TXL0911W - (Warning) Stack limit less than recommended for TXL size (probable cause: shell stack limit)
[] : TXL0913I - (Information) Recursion stack limit reduced from 20480000 to 7340032 to fit
[] : TXL0911W - (Warning) Stack limit less than recommended for TXL size (probable cause: shell stack limit)
[] : TXL0913I - (Information) Recursion stack limit reduced from 20480000 to 7340032 to fit
[] : TXL0911W - (Warning) Stack limit less than recommended for TXL size (probable cause: shell stack limit)
[] : TXL0913I - (Information) Recursion stack limit reduced from 20480000 to 7340032 to fit
[] : TXL0911W - (Warning) Stack limit less than recommended for TXL size (probable cause: shell stack limit)
[] : TXL0913I - (Information) Recursion stack limit reduced from 20480000 to 7340032 to fit
[] : TXL0911W - (Warning) Stack limit less than recommended for TXL size (probable cause: shell stack limit)
[] : TXL0913I - (Information) Recursion stack limit reduced from 20480000 to 7340032 to fit
[] : TXL0911W - (Warning) Stack limit less than recommended for TXL size (probable cause: shell stack limit)
[] : TXL0913I - (Information) Recursion stack limit reduced from 20480000 to 7340032 to fit
[] : TXL0911W - (Warning) Stack limit less than recommended for TXL size (probable cause: shell stack limit)
[] : TXL0913I - (Information) Recursion stack limit reduced from 20480000 to 7340032 to fit
[] : TXL0911W - (Warning) Stack limit less than recommended for TXL size (probable cause: shell stack limit)
[] : TXL0913I - (Information) Recursion stack limit reduced from 20480000 to 7340032 to fit
[] : TXL0911W - (Warning) Stack limit less than recommended for TXL size (probable cause: shell stack limit)
[] : TXL0913I - (Information) Recursion stack limit reduced from 20480000 to 7340032 to fit
[] : TXL0911W - (Warning) Stack limit less than recommended for TXL size (probable cause: shell stack limit)
[] : TXL0913I - (Information) Recursion stack limit reduced from 20480000 to 7340032 to fit
[] : TXL0911W - (Warning) Stack limit less than recommended for TXL size (probable cause: shell stack limit)
[] : TXL0913I - (Information) Recursion stack limit reduced from 20480000 to 7340032 to fit
[] : TXL0911W - (Warning) Stack limit less than recommended for TXL size (probable cause: shell stack limit)
[] : TXL0913I - (Information) Recursion stack limit reduced from 20480000 to 7340032 to fit
[] : TXL0911W - (Warning) Stack limit less than recommended for TXL size (probable cause: shell stack limit)
[] : TXL0913I - (Information) Recursion stack limit reduced from 20480000 to 7340032 to fit
[] : TXL0911W - (Warning) Stack limit less than recommended for TXL size (probable cause: shell stack limit)
[] : TXL0913I - (Information) Recursion stack limit reduced from 20480000 to 7340032 to fit
[] : TXL0911W - (Warning) Stack limit less than recommended for TXL size (probable cause: shell stack limit)
[] : TXL0913I - (Information) Recursion stack limit reduced from 20480000 to 7340032 to fit
[] : TXL0911W - (Warning) Stack limit less than recommended for TXL size (probable cause: shell stack limit)
[] : TXL0913I - (Information) Recursion stack limit reduced from 20480000 to 7340032 to fit
[] : TXL0911W - (Warning) Stack limit less than recommended for TXL size (probable cause: shell stack limit)
[] : TXL0913I - (Information) Recursion stack limit reduced from 20480000 to 7340032 to fit
[] : TXL0911W - (Warning) Stack limit less than recommended for TXL size (probable cause: shell stack limit)
[] : TXL0913I - (Information) Recursion stack limit reduced from 20480000 to 7340032 to fit
[] : TXL0911W - (Warning) Stack limit less than recommended for TXL size (probable cause: shell stack limit)
[] : TXL0913I - (Information) Recursion stack limit reduced from 20480000 to 7340032 to fit
[] : TXL0911W - (Warning) Stack limit less than recommended for TXL size (probable cause: shell stack limit)
[] : TXL0913I - (Information) Recursion stack limit reduced from 20480000 to 7340032 to fit
[] : TXL0911W - (Warning) Stack limit less than recommended for TXL size (probable cause: shell stack limit)
[] : TXL0913I - (Information) Recursion stack limit reduced from 20480000 to 7340032 to fit
[] : TXL0911W - (Warning) Stack limit less than recommended for TXL size (probable cause: shell stack limit)
[] : TXL0913I - (Information) Recursion stack limit reduced from 20480000 to 7340032 to fit
[] : TXL0911W - (Warning) Stack limit less than recommended for TXL size (probable cause: shell stack limit)
[] : TXL0913I - (Information) Recursion stack limit reduced from 20480000 to 7340032 to fit
[] : TXL0911W - (Warning) Stack limit less than recommended for TXL size (probable cause: shell stack limit)
[] : TXL0913I - (Information) Recursion stack limit reduced from 20480000 to 7340032 to fit
[] : TXL0911W - (Warning) Stack limit less than recommended for TXL size (probable cause: shell stack limit)
[] : TXL0913I - (Information) Recursion stack limit reduced from 20480000 to 7340032 to fit
[] : TXL0911W - (Warning) Stack limit less than recommended for TXL size (probable cause: shell stack limit)
[] : TXL0913I - (Information) Recursion stack limit reduced from 20480000 to 7340032 to fit
[] : TXL0911W - (Warning) Stack limit less than recommended for TXL size (probable cause: shell stack limit)
[] : TXL0913I - (Information) Recursion stack limit reduced from 20480000 to 7340032 to fit
[] : TXL0911W - (Warning) Stack limit less than recommended for TXL size (probable cause: shell stack limit)
[] : TXL0913I - (Information) Recursion stack limit reduced from 20480000 to 7340032 to fit
[] : TXL0911W - (Warning) Stack limit less than recommended for TXL size (probable cause: shell stack limit)
[] : TXL0913I - (Information) Recursion stack limit reduced from 20480000 to 7340032 to fit
[] : TXL0911W - (Warning) Stack limit less than recommended for TXL size (probable cause: shell stack limit)
[] : TXL0913I - (Information) Recursion stack limit reduced from 20480000 to 7340032 to fit
[] : TXL0911W - (Warning) Stack limit less than recommended for TXL size (probable cause: shell stack limit)
[] : TXL0913I - (Information) Recursion stack limit reduced from 20480000 to 7340032 to fit
[] : TXL0911W - (Warning) Stack limit less than recommended for TXL size (probable cause: shell stack limit)
[] : TXL0913I - (Information) Recursion stack limit reduced from 20480000 to 7340032 to fit
[] : TXL0911W - (Warning) Stack limit less than recommended for TXL size (probable cause: shell stack limit)
[] : TXL0913I - (Information) Recursion stack limit reduced from 20480000 to 7340032 to fit
[] : TXL0911W - (Warning) Stack limit less than recommended for TXL size (probable cause: shell stack limit)
[] : TXL0913I - (Information) Recursion stack limit reduced from 20480000 to 7340032 to fit
[] : TXL0911W - (Warning) Stack limit less than recommended for TXL size (probable cause: shell stack limit)
[] : TXL0913I - (Information) Recursion stack limit reduced from 20480000 to 7340032 to fit
[] : TXL0911W - (Warning) Stack limit less than recommended for TXL size (probable cause: shell stack limit)
[] : TXL0913I - (Information) Recursion stack limit reduced from 20480000 to 7340032 to fit
[] : TXL0911W - (Warning) Stack limit less than recommended for TXL size (probable cause: shell stack limit)
[] : TXL0913I - (Information) Recursion stack limit reduced from 20480000 to 7340032 to fit
[] : TXL0911W - (Warning) Stack limit less than recommended for TXL size (probable cause: shell stack limit)
[] : TXL0913I - (Information) Recursion stack limit reduced from 20480000 to 7340032 to fit
[] : TXL0911W - (Warning) Stack limit less than recommended for TXL size (probable cause: shell stack limit)
[] : TXL0913I - (Information) Recursion stack limit reduced from 20480000 to 7340032 to fit
[] : TXL0911W - (Warning) Stack limit less than recommended for TXL size (probable cause: shell stack limit)
[] : TXL0913I - (Information) Recursion stack limit reduced from 20480000 to 7340032 to fit
[] : TXL0911W - (Warning) Stack limit less than recommended for TXL size (probable cause: shell stack limit)
[] : TXL0913I - (Information) Recursion stack limit reduced from 20480000 to 7340032 to fit
[] : TXL0911W - (Warning) Stack limit less than recommended for TXL size (probable cause: shell stack limit)
[] : TXL0913I - (Information) Recursion stack limit reduced from 20480000 to 7340032 to fit
[] : TXL0911W - (Warning) Stack limit less than recommended for TXL size (probable cause: shell stack limit)
[] : TXL0913I - (Information) Recursion stack limit reduced from 20480000 to 7340032 to fit
[] : TXL0911W - (Warning) Stack limit less than recommended for TXL size (probable cause: shell stack limit)
[] : TXL0913I - (Information) Recursion stack limit reduced from 20480000 to 7340032 to fit
[] : TXL0911W - (Warning) Stack limit less than recommended for TXL size (probable cause: shell stack limit)
[] : TXL0913I - (Information) Recursion stack limit reduced from 20480000 to 7340032 to fit
[] : TXL0911W - (Warning) Stack limit less than recommended for TXL size (probable cause: shell stack limit)
[] : TXL0913I - (Information) Recursion stack limit reduced from 20480000 to 7340032 to fit
[] : TXL0911W - (Warning) Stack limit less than recommended for TXL size (probable cause: shell stack limit)
[] : TXL0913I - (Information) Recursion stack limit reduced from 20480000 to 7340032 to fit
[] : TXL0911W - (Warning) Stack limit less than recommended for TXL size (probable cause: shell stack limit)
[] : TXL0913I - (Information) Recursion stack limit reduced from 20480000 to 7340032 to fit
[] : TXL0911W - (Warning) Stack limit less than recommended for TXL size (probable cause: shell stack limit)
[] : TXL0913I - (Information) Recursion stack limit reduced from 20480000 to 7340032 to fit
[] : TXL0911W - (Warning) Stack limit less than recommended for TXL size (probable cause: shell stack limit)
[] : TXL0913I - (Information) Recursion stack limit reduced from 20480000 to 7340032 to fit
[] : TXL0911W - (Warning) Stack limit less than recommended for TXL size (probable cause: shell stack limit)
[] : TXL0913I - (Information) Recursion stack limit reduced from 20480000 to 7340032 to fit
[] : TXL0911W - (Warning) Stack limit less than recommended for TXL size (probable cause: shell stack limit)
[] : TXL0913I - (Information) Recursion stack limit reduced from 20480000 to 7340032 to fit
[] : TXL0911W - (Warning) Stack limit less than recommended for TXL size (probable cause: shell stack limit)
[] : TXL0913I - (Information) Recursion stack limit reduced from 20480000 to 7340032 to fit
[] : TXL0911W - (Warning) Stack limit less than recommended for TXL size (probable cause: shell stack limit)
[] : TXL0913I - (Information) Recursion stack limit reduced from 20480000 to 7340032 to fit
[] : TXL0911W - (Warning) Stack limit less than recommended for TXL size (probable cause: shell stack limit)
[] : TXL0913I - (Information) Recursion stack limit reduced from 20480000 to 7340032 to fit
[] : TXL0911W - (Warning) Stack limit less than recommended for TXL size (probable cause: shell stack limit)
[] : TXL0913I - (Information) Recursion stack limit reduced from 20480000 to 7340032 to fit
[] : TXL0911W - (Warning) Stack limit less than recommended for TXL size (probable cause: shell stack limit)
[] : TXL0913I - (Information) Recursion stack limit reduced from 20480000 to 7340032 to fit
[] : TXL0911W - (Warning) Stack limit less than recommended for TXL size (probable cause: shell stack limit)
[] : TXL0913I - (Information) Recursion stack limit reduced from 20480000 to 7340032 to fit
[] : TXL0911W - (Warning) Stack limit less than recommended for TXL size (probable cause: shell stack limit)
[] : TXL0913I - (Information) Recursion stack limit reduced from 20480000 to 7340032 to fit
[] : TXL0911W - (Warning) Stack limit less than recommended for TXL size (probable cause: shell stack limit)
[] : TXL0913I - (Information) Recursion stack limit reduced from 20480000 to 7340032 to fit
[] : TXL0911W - (Warning) Stack limit less than recommended for TXL size (probable cause: shell stack limit)
[] : TXL0913I - (Information) Recursion stack limit reduced from 20480000 to 7340032 to fit
[] : TXL0911W - (Warning) Stack limit less than recommended for TXL size (probable cause: shell stack limit)
[] : TXL0913I - (Information) Recursion stack limit reduced from 20480000 to 7340032 to fit
[] : TXL0911W - (Warning) Stack limit less than recommended for TXL size (probable cause: shell stack limit)
[] : TXL0913I - (Information) Recursion stack limit reduced from 20480000 to 7340032 to fit
[] : TXL0911W - (Warning) Stack limit less than recommended for TXL size (probable cause: shell stack limit)
[] : TXL0913I - (Information) Recursion stack limit reduced from 20480000 to 7340032 to fit
[] : TXL0911W - (Warning) Stack limit less than recommended for TXL size (probable cause: shell stack limit)
[] : TXL0913I - (Information) Recursion stack limit reduced from 20480000 to 7340032 to fit
[] : TXL0911W - (Warning) Stack limit less than recommended for TXL size (probable cause: shell stack limit)
[] : TXL0913I - (Information) Recursion stack limit reduced from 20480000 to 7340032 to fit
[] : TXL0911W - (Warning) Stack limit less than recommended for TXL size (probable cause: shell stack limit)
[] : TXL0913I - (Information) Recursion stack limit reduced from 20480000 to 7340032 to fit
[] : TXL0911W - (Warning) Stack limit less than recommended for TXL size (probable cause: shell stack limit)
[] : TXL0913I - (Information) Recursion stack limit reduced from 20480000 to 7340032 to fit
[] : TXL0911W - (Warning) Stack limit less than recommended for TXL size (probable cause: shell stack limit)
[] : TXL0913I - (Information) Recursion stack limit reduced from 20480000 to 7340032 to fit
[] : TXL0911W - (Warning) Stack limit less than recommended for TXL size (probable cause: shell stack limit)
[] : TXL0913I - (Information) Recursion stack limit reduced from 20480000 to 7340032 to fit
[] : TXL0911W - (Warning) Stack limit less than recommended for TXL size (probable cause: shell stack limit)
[] : TXL0913I - (Information) Recursion stack limit reduced from 20480000 to 7340032 to fit
[] : TXL0911W - (Warning) Stack limit less than recommended for TXL size (probable cause: shell stack limit)
[] : TXL0913I - (Information) Recursion stack limit reduced from 20480000 to 7340032 to fit
[] : TXL0911W - (Warning) Stack limit less than recommended for TXL size (probable cause: shell stack limit)
[] : TXL0913I - (Information) Recursion stack limit reduced from 20480000 to 7340032 to fit
[] : TXL0911W - (Warning) Stack limit less than recommended for TXL size (probable cause: shell stack limit)
[] : TXL0913I - (Information) Recursion stack limit reduced from 20480000 to 7340032 to fit
[] : TXL0911W - (Warning) Stack limit less than recommended for TXL size (probable cause: shell stack limit)
[] : TXL0913I - (Information) Recursion stack limit reduced from 20480000 to 7340032 to fit
[] : TXL0911W - (Warning) Stack limit less than recommended for TXL size (probable cause: shell stack limit)
[] : TXL0913I - (Information) Recursion stack limit reduced from 20480000 to 7340032 to fit
[] : TXL0911W - (Warning) Stack limit less than recommended for TXL size (probable cause: shell stack limit)
[] : TXL0913I - (Information) Recursion stack limit reduced from 20480000 to 7340032 to fit
[] : TXL0911W - (Warning) Stack limit less than recommended for TXL size (probable cause: shell stack limit)
[] : TXL0913I - (Information) Recursion stack limit reduced from 20480000 to 7340032 to fit
[] : TXL0911W - (Warning) Stack limit less than recommended for TXL size (probable cause: shell stack limit)
[] : TXL0913I - (Information) Recursion stack limit reduced from 20480000 to 7340032 to fit
[] : TXL0911W - (Warning) Stack limit less than recommended for TXL size (probable cause: shell stack limit)
[] : TXL0913I - (Information) Recursion stack limit reduced from 20480000 to 7340032 to fit
[] : TXL0911W - (Warning) Stack limit less than recommended for TXL size (probable cause: shell stack limit)
[] : TXL0913I - (Information) Recursion stack limit reduced from 20480000 to 7340032 to fit
[] : TXL0911W - (Warning) Stack limit less than recommended for TXL size (probable cause: shell stack limit)
[] : TXL0913I - (Information) Recursion stack limit reduced from 20480000 to 7340032 to fit
[] : TXL0911W - (Warning) Stack limit less than recommended for TXL size (probable cause: shell stack limit)
[] : TXL0913I - (Information) Recursion stack limit reduced from 20480000 to 7340032 to fit
[] : TXL0911W - (Warning) Stack limit less than recommended for TXL size (probable cause: shell stack limit)
[] : TXL0913I - (Information) Recursion stack limit reduced from 20480000 to 7340032 to fit
[] : TXL0911W - (Warning) Stack limit less than recommended for TXL size (probable cause: shell stack limit)
[] : TXL0913I - (Information) Recursion stack limit reduced from 20480000 to 7340032 to fit
[] : TXL0911W - (Warning) Stack limit less than recommended for TXL size (probable cause: shell stack limit)
[] : TXL0913I - (Information) Recursion stack limit reduced from 20480000 to 7340032 to fit
[] : TXL0911W - (Warning) Stack limit less than recommended for TXL size (probable cause: shell stack limit)
[] : TXL0913I - (Information) Recursion stack limit reduced from 20480000 to 7340032 to fit
[] : TXL0911W - (Warning) Stack limit less than recommended for TXL size (probable cause: shell stack limit)
[] : TXL0913I - (Information) Recursion stack limit reduced from 20480000 to 7340032 to fit
[] : TXL0911W - (Warning) Stack limit less than recommended for TXL size (probable cause: shell stack limit)
[] : TXL0913I - (Information) Recursion stack limit reduced from 20480000 to 7340032 to fit
[] : TXL0911W - (Warning) Stack limit less than recommended for TXL size (probable cause: shell stack limit)
[] : TXL0913I - (Information) Recursion stack limit reduced from 20480000 to 7340032 to fit
[] : TXL0911W - (Warning) Stack limit less than recommended for TXL size (probable cause: shell stack limit)
[] : TXL0913I - (Information) Recursion stack limit reduced from 20480000 to 7340032 to fit
[] : TXL0911W - (Warning) Stack limit less than recommended for TXL size (probable cause: shell stack limit)
[] : TXL0913I - (Information) Recursion stack limit reduced from 20480000 to 7340032 to fit
[] : TXL0911W - (Warning) Stack limit less than recommended for TXL size (probable cause: shell stack limit)
[] : TXL0913I - (Information) Recursion stack limit reduced from 20480000 to 7340032 to fit
[] : TXL0911W - (Warning) Stack limit less than recommended for TXL size (probable cause: shell stack limit)
[] : TXL0913I - (Information) Recursion stack limit reduced from 20480000 to 7340032 to fit
[] : TXL0911W - (Warning) Stack limit less than recommended for TXL size (probable cause: shell stack limit)
[] : TXL0913I - (Information) Recursion stack limit reduced from 20480000 to 7340032 to fit
[] : TXL0911W - (Warning) Stack limit less than recommended for TXL size (probable cause: shell stack limit)
[] : TXL0913I - (Information) Recursion stack limit reduced from 20480000 to 7340032 to fit
[] : TXL0911W - (Warning) Stack limit less than recommended for TXL size (probable cause: shell stack limit)
[] : TXL0913I - (Information) Recursion stack limit reduced from 20480000 to 7340032 to fit
[] : TXL0911W - (Warning) Stack limit less than recommended for TXL size (probable cause: shell stack limit)
[] : TXL0913I - (Information) Recursion stack limit reduced from 20480000 to 7340032 to fit
[] : TXL0911W - (Warning) Stack limit less than recommended for TXL size (probable cause: shell stack limit)
[] : TXL0913I - (Information) Recursion stack limit reduced from 20480000 to 7340032 to fit
[] : TXL0911W - (Warning) Stack limit less than recommended for TXL size (probable cause: shell stack limit)
[] : TXL0913I - (Information) Recursion stack limit reduced from 20480000 to 7340032 to fit
[] : TXL0911W - (Warning) Stack limit less than recommended for TXL size (probable cause: shell stack limit)
[] : TXL0913I - (Information) Recursion stack limit reduced from 20480000 to 7340032 to fit
[] : TXL0911W - (Warning) Stack limit less than recommended for TXL size (probable cause: shell stack limit)
[] : TXL0913I - (Information) Recursion stack limit reduced from 20480000 to 7340032 to fit
[] : TXL0911W - (Warning) Stack limit less than recommended for TXL size (probable cause: shell stack limit)
[] : TXL0913I - (Information) Recursion stack limit reduced from 20480000 to 7340032 to fit
[] : TXL0911W - (Warning) Stack limit less than recommended for TXL size (probable cause: shell stack limit)
[] : TXL0913I - (Information) Recursion stack limit reduced from 20480000 to 7340032 to fit
[] : TXL0911W - (Warning) Stack limit less than recommended for TXL size (probable cause: shell stack limit)
[] : TXL0913I - (Information) Recursion stack limit reduced from 20480000 to 7340032 to fit
[] : TXL0911W - (Warning) Stack limit less than recommended for TXL size (probable cause: shell stack limit)
[] : TXL0913I - (Information) Recursion stack limit reduced from 20480000 to 7340032 to fit
[] : TXL0911W - (Warning) Stack limit less than recommended for TXL size (probable cause: shell stack limit)
[] : TXL0913I - (Information) Recursion stack limit reduced from 20480000 to 7340032 to fit
[] : TXL0911W - (Warning) Stack limit less than recommended for TXL size (probable cause: shell stack limit)
[] : TXL0913I - (Information) Recursion stack limit reduced from 20480000 to 7340032 to fit
[] : TXL0911W - (Warning) Stack limit less than recommended for TXL size (probable cause: shell stack limit)
[] : TXL0913I - (Information) Recursion stack limit reduced from 20480000 to 7340032 to fit
[] : TXL0911W - (Warning) Stack limit less than recommended for TXL size (probable cause: shell stack limit)
[] : TXL0913I - (Information) Recursion stack limit reduced from 20480000 to 7340032 to fit
[] : TXL0911W - (Warning) Stack limit less than recommended for TXL size (probable cause: shell stack limit)
[] : TXL0913I - (Information) Recursion stack limit reduced from 20480000 to 7340032 to fit
[] : TXL0911W - (Warning) Stack limit less than recommended for TXL size (probable cause: shell stack limit)
[] : TXL0913I - (Information) Recursion stack limit reduced from 20480000 to 7340032 to fit
[] : TXL0911W - (Warning) Stack limit less than recommended for TXL size (probable cause: shell stack limit)
[] : TXL0913I - (Information) Recursion stack limit reduced from 20480000 to 7340032 to fit
[] : TXL0911W - (Warning) Stack limit less than recommended for TXL size (probable cause: shell stack limit)
[] : TXL0913I - (Information) Recursion stack limit reduced from 20480000 to 7340032 to fit
[] : TXL0911W - (Warning) Stack limit less than recommended for TXL size (probable cause: shell stack limit)
[] : TXL0913I - (Information) Recursion stack limit reduced from 20480000 to 7340032 to fit
[] : TXL0911W - (Warning) Stack limit less than recommended for TXL size (probable cause: shell stack limit)
[] : TXL0913I - (Information) Recursion stack limit reduced from 20480000 to 7340032 to fit
[] : TXL0911W - (Warning) Stack limit less than recommended for TXL size (probable cause: shell stack limit)
[] : TXL0913I - (Information) Recursion stack limit reduced from 20480000 to 7340032 to fit
[] : TXL0911W - (Warning) Stack limit less than recommended for TXL size (probable cause: shell stack limit)
[] : TXL0913I - (Information) Recursion stack limit reduced from 20480000 to 7340032 to fit
[] : TXL0911W - (Warning) Stack limit less than recommended for TXL size (probable cause: shell stack limit)
[] : TXL0913I - (Information) Recursion stack limit reduced from 20480000 to 7340032 to fit
[] : TXL0911W - (Warning) Stack limit less than recommended for TXL size (probable cause: shell stack limit)
[] : TXL0913I - (Information) Recursion stack limit reduced from 20480000 to 7340032 to fit
[] : TXL0911W - (Warning) Stack limit less than recommended for TXL size (probable cause: shell stack limit)
[] : TXL0913I - (Information) Recursion stack limit reduced from 20480000 to 7340032 to fit
[] : TXL0911W - (Warning) Stack limit less than recommended for TXL size (probable cause: shell stack limit)
[] : TXL0913I - (Information) Recursion stack limit reduced from 20480000 to 7340032 to fit
[] : TXL0911W - (Warning) Stack limit less than recommended for TXL size (probable cause: shell stack limit)
[] : TXL0913I - (Information) Recursion stack limit reduced from 20480000 to 7340032 to fit
[] : TXL0911W - (Warning) Stack limit less than recommended for TXL size (probable cause: shell stack limit)
[] : TXL0913I - (Information) Recursion stack limit reduced from 20480000 to 7340032 to fit
[] : TXL0911W - (Warning) Stack limit less than recommended for TXL size (probable cause: shell stack limit)
[] : TXL0913I - (Information) Recursion stack limit reduced from 20480000 to 7340032 to fit
[] : TXL0911W - (Warning) Stack limit less than recommended for TXL size (probable cause: shell stack limit)
[] : TXL0913I - (Information) Recursion stack limit reduced from 20480000 to 7340032 to fit
[] : TXL0911W - (Warning) Stack limit less than recommended for TXL size (probable cause: shell stack limit)
[] : TXL0913I - (Information) Recursion stack limit reduced from 20480000 to 7340032 to fit
[] : TXL0911W - (Warning) Stack limit less than recommended for TXL size (probable cause: shell stack limit)
[] : TXL0913I - (Information) Recursion stack limit reduced from 20480000 to 7340032 to fit
[] : TXL0911W - (Warning) Stack limit less than recommended for TXL size (probable cause: shell stack limit)
[] : TXL0913I - (Information) Recursion stack limit reduced from 20480000 to 7340032 to fit
[] : TXL0911W - (Warning) Stack limit less than recommended for TXL size (probable cause: shell stack limit)
[] : TXL0913I - (Information) Recursion stack limit reduced from 20480000 to 7340032 to fit
[] : TXL0911W - (Warning) Stack limit less than recommended for TXL size (probable cause: shell stack limit)
[] : TXL0913I - (Information) Recursion stack limit reduced from 20480000 to 7340032 to fit
[] : TXL0911W - (Warning) Stack limit less than recommended for TXL size (probable cause: shell stack limit)
[] : TXL0913I - (Information) Recursion stack limit reduced from 20480000 to 7340032 to fit
[] : TXL0911W - (Warning) Stack limit less than recommended for TXL size (probable cause: shell stack limit)
[] : TXL0913I - (Information) Recursion stack limit reduced from 20480000 to 7340032 to fit
[] : TXL0911W - (Warning) Stack limit less than recommended for TXL size (probable cause: shell stack limit)
[] : TXL0913I - (Information) Recursion stack limit reduced from 20480000 to 7340032 to fit
[] : TXL0911W - (Warning) Stack limit less than recommended for TXL size (probable cause: shell stack limit)
[] : TXL0913I - (Information) Recursion stack limit reduced from 20480000 to 7340032 to fit
[] : TXL0911W - (Warning) Stack limit less than recommended for TXL size (probable cause: shell stack limit)
[] : TXL0913I - (Information) Recursion stack limit reduced from 20480000 to 7340032 to fit
[] : TXL0911W - (Warning) Stack limit less than recommended for TXL size (probable cause: shell stack limit)
[] : TXL0913I - (Information) Recursion stack limit reduced from 20480000 to 7340032 to fit
[] : TXL0911W - (Warning) Stack limit less than recommended for TXL size (probable cause: shell stack limit)
[] : TXL0913I - (Information) Recursion stack limit reduced from 20480000 to 7340032 to fit
[] : TXL0911W - (Warning) Stack limit less than recommended for TXL size (probable cause: shell stack limit)
[] : TXL0913I - (Information) Recursion stack limit reduced from 20480000 to 7340032 to fit
[] : TXL0911W - (Warning) Stack limit less than recommended for TXL size (probable cause: shell stack limit)
[] : TXL0913I - (Information) Recursion stack limit reduced from 20480000 to 7340032 to fit
[] : TXL0911W - (Warning) Stack limit less than recommended for TXL size (probable cause: shell stack limit)
[] : TXL0913I - (Information) Recursion stack limit reduced from 20480000 to 7340032 to fit
[] : TXL0911W - (Warning) Stack limit less than recommended for TXL size (probable cause: shell stack limit)
[] : TXL0913I - (Information) Recursion stack limit reduced from 20480000 to 7340032 to fit
[] : TXL0911W - (Warning) Stack limit less than recommended for TXL size (probable cause: shell stack limit)
[] : TXL0913I - (Information) Recursion stack limit reduced from 20480000 to 7340032 to fit
[] : TXL0911W - (Warning) Stack limit less than recommended for TXL size (probable cause: shell stack limit)
[] : TXL0913I - (Information) Recursion stack limit reduced from 20480000 to 7340032 to fit
[] : TXL0911W - (Warning) Stack limit less than recommended for TXL size (probable cause: shell stack limit)
[] : TXL0913I - (Information) Recursion stack limit reduced from 20480000 to 7340032 to fit
[] : TXL0911W - (Warning) Stack limit less than recommended for TXL size (probable cause: shell stack limit)
[] : TXL0913I - (Information) Recursion stack limit reduced from 20480000 to 7340032 to fit
[] : TXL0911W - (Warning) Stack limit less than recommended for TXL size (probable cause: shell stack limit)
[] : TXL0913I - (Information) Recursion stack limit reduced from 20480000 to 7340032 to fit
[] : TXL0911W - (Warning) Stack limit less than recommended for TXL size (probable cause: shell stack limit)
[] : TXL0913I - (Information) Recursion stack limit reduced from 20480000 to 7340032 to fit
[] : TXL0911W - (Warning) Stack limit less than recommended for TXL size (probable cause: shell stack limit)
[] : TXL0913I - (Information) Recursion stack limit reduced from 20480000 to 7340032 to fit
[] : TXL0911W - (Warning) Stack limit less than recommended for TXL size (probable cause: shell stack limit)
[] : TXL0913I - (Information) Recursion stack limit reduced from 20480000 to 7340032 to fit
[] : TXL0911W - (Warning) Stack limit less than recommended for TXL size (probable cause: shell stack limit)
[] : TXL0913I - (Information) Recursion stack limit reduced from 20480000 to 7340032 to fit
[] : TXL0911W - (Warning) Stack limit less than recommended for TXL size (probable cause: shell stack limit)
[] : TXL0913I - (Information) Recursion stack limit reduced from 20480000 to 7340032 to fit
[] : TXL0911W - (Warning) Stack limit less than recommended for TXL size (probable cause: shell stack limit)
[] : TXL0913I - (Information) Recursion stack limit reduced from 20480000 to 7340032 to fit
[] : TXL0911W - (Warning) Stack limit less than recommended for TXL size (probable cause: shell stack limit)
[] : TXL0913I - (Information) Recursion stack limit reduced from 20480000 to 7340032 to fit
[] : TXL0911W - (Warning) Stack limit less than recommended for TXL size (probable cause: shell stack limit)
[] : TXL0913I - (Information) Recursion stack limit reduced from 20480000 to 7340032 to fit
[] : TXL0911W - (Warning) Stack limit less than recommended for TXL size (probable cause: shell stack limit)
[] : TXL0913I - (Information) Recursion stack limit reduced from 20480000 to 7340032 to fit
[] : TXL0911W - (Warning) Stack limit less than recommended for TXL size (probable cause: shell stack limit)
[] : TXL0913I - (Information) Recursion stack limit reduced from 20480000 to 7340032 to fit
[] : TXL0911W - (Warning) Stack limit less than recommended for TXL size (probable cause: shell stack limit)
[] : TXL0913I - (Information) Recursion stack limit reduced from 20480000 to 7340032 to fit
[] : TXL0911W - (Warning) Stack limit less than recommended for TXL size (probable cause: shell stack limit)
[] : TXL0913I - (Information) Recursion stack limit reduced from 20480000 to 7340032 to fit
[] : TXL0911W - (Warning) Stack limit less than recommended for TXL size (probable cause: shell stack limit)
[] : TXL0913I - (Information) Recursion stack limit reduced from 20480000 to 7340032 to fit
[] : TXL0911W - (Warning) Stack limit less than recommended for TXL size (probable cause: shell stack limit)
[] : TXL0913I - (Information) Recursion stack limit reduced from 20480000 to 7340032 to fit
[] : TXL0911W - (Warning) Stack limit less than recommended for TXL size (probable cause: shell stack limit)
[] : TXL0913I - (Information) Recursion stack limit reduced from 20480000 to 7340032 to fit
[] : TXL0911W - (Warning) Stack limit less than recommended for TXL size (probable cause: shell stack limit)
[] : TXL0913I - (Information) Recursion stack limit reduced from 20480000 to 7340032 to fit
[] : TXL0911W - (Warning) Stack limit less than recommended for TXL size (probable cause: shell stack limit)
[] : TXL0913I - (Information) Recursion stack limit reduced from 20480000 to 7340032 to fit
[] : TXL0911W - (Warning) Stack limit less than recommended for TXL size (probable cause: shell stack limit)
[] : TXL0913I - (Information) Recursion stack limit reduced from 20480000 to 7340032 to fit
[] : TXL0911W - (Warning) Stack limit less than recommended for TXL size (probable cause: shell stack limit)
[] : TXL0913I - (Information) Recursion stack limit reduced from 20480000 to 7340032 to fit
[] : TXL0911W - (Warning) Stack limit less than recommended for TXL size (probable cause: shell stack limit)
[] : TXL0913I - (Information) Recursion stack limit reduced from 20480000 to 7340032 to fit
[] : TXL0911W - (Warning) Stack limit less than recommended for TXL size (probable cause: shell stack limit)
[] : TXL0913I - (Information) Recursion stack limit reduced from 20480000 to 7340032 to fit
[] : TXL0911W - (Warning) Stack limit less than recommended for TXL size (probable cause: shell stack limit)
[] : TXL0913I - (Information) Recursion stack limit reduced from 20480000 to 7340032 to fit
[] : TXL0911W - (Warning) Stack limit less than recommended for TXL size (probable cause: shell stack limit)
[] : TXL0913I - (Information) Recursion stack limit reduced from 20480000 to 7340032 to fit
[] : TXL0911W - (Warning) Stack limit less than recommended for TXL size (probable cause: shell stack limit)
[] : TXL0913I - (Information) Recursion stack limit reduced from 20480000 to 7340032 to fit
[] : TXL0911W - (Warning) Stack limit less than recommended for TXL size (probable cause: shell stack limit)
[] : TXL0913I - (Information) Recursion stack limit reduced from 20480000 to 7340032 to fit
[] : TXL0911W - (Warning) Stack limit less than recommended for TXL size (probable cause: shell stack limit)
[] : TXL0913I - (Information) Recursion stack limit reduced from 20480000 to 7340032 to fit
[] : TXL0911W - (Warning) Stack limit less than recommended for TXL size (probable cause: shell stack limit)
[] : TXL0913I - (Information) Recursion stack limit reduced from 20480000 to 7340032 to fit
[] : TXL0911W - (Warning) Stack limit less than recommended for TXL size (probable cause: shell stack limit)
[] : TXL0913I - (Information) Recursion stack limit reduced from 20480000 to 7340032 to fit
[] : TXL0911W - (Warning) Stack limit less than recommended for TXL size (probable cause: shell stack limit)
[] : TXL0913I - (Information) Recursion stack limit reduced from 20480000 to 7340032 to fit
[] : TXL0911W - (Warning) Stack limit less than recommended for TXL size (probable cause: shell stack limit)
[] : TXL0913I - (Information) Recursion stack limit reduced from 20480000 to 7340032 to fit
[] : TXL0911W - (Warning) Stack limit less than recommended for TXL size (probable cause: shell stack limit)
[] : TXL0913I - (Information) Recursion stack limit reduced from 20480000 to 7340032 to fit
[] : TXL0911W - (Warning) Stack limit less than recommended for TXL size (probable cause: shell stack limit)
[] : TXL0913I - (Information) Recursion stack limit reduced from 20480000 to 7340032 to fit
[] : TXL0911W - (Warning) Stack limit less than recommended for TXL size (probable cause: shell stack limit)
[] : TXL0913I - (Information) Recursion stack limit reduced from 20480000 to 7340032 to fit
[] : TXL0911W - (Warning) Stack limit less than recommended for TXL size (probable cause: shell stack limit)
[] : TXL0913I - (Information) Recursion stack limit reduced from 20480000 to 7340032 to fit
[] : TXL0911W - (Warning) Stack limit less than recommended for TXL size (probable cause: shell stack limit)
[] : TXL0913I - (Information) Recursion stack limit reduced from 20480000 to 7340032 to fit
[] : TXL0911W - (Warning) Stack limit less than recommended for TXL size (probable cause: shell stack limit)
[] : TXL0913I - (Information) Recursion stack limit reduced from 20480000 to 7340032 to fit
[] : TXL0911W - (Warning) Stack limit less than recommended for TXL size (probable cause: shell stack limit)
[] : TXL0913I - (Information) Recursion stack limit reduced from 20480000 to 7340032 to fit
[] : TXL0911W - (Warning) Stack limit less than recommended for TXL size (probable cause: shell stack limit)
[] : TXL0913I - (Information) Recursion stack limit reduced from 20480000 to 7340032 to fit
[] : TXL0911W - (Warning) Stack limit less than recommended for TXL size (probable cause: shell stack limit)
[] : TXL0913I - (Information) Recursion stack limit reduced from 20480000 to 7340032 to fit
[] : TXL0911W - (Warning) Stack limit less than recommended for TXL size (probable cause: shell stack limit)
[] : TXL0913I - (Information) Recursion stack limit reduced from 20480000 to 7340032 to fit
[] : TXL0911W - (Warning) Stack limit less than recommended for TXL size (probable cause: shell stack limit)
[] : TXL0913I - (Information) Recursion stack limit reduced from 20480000 to 7340032 to fit
[] : TXL0911W - (Warning) Stack limit less than recommended for TXL size (probable cause: shell stack limit)
[] : TXL0913I - (Information) Recursion stack limit reduced from 20480000 to 7340032 to fit
[] : TXL0911W - (Warning) Stack limit less than recommended for TXL size (probable cause: shell stack limit)
[] : TXL0913I - (Information) Recursion stack limit reduced from 20480000 to 7340032 to fit
[] : TXL0911W - (Warning) Stack limit less than recommended for TXL size (probable cause: shell stack limit)
[] : TXL0913I - (Information) Recursion stack limit reduced from 20480000 to 7340032 to fit
[] : TXL0911W - (Warning) Stack limit less than recommended for TXL size (probable cause: shell stack limit)
[] : TXL0913I - (Information) Recursion stack limit reduced from 20480000 to 7340032 to fit
[] : TXL0911W - (Warning) Stack limit less than recommended for TXL size (probable cause: shell stack limit)
[] : TXL0913I - (Information) Recursion stack limit reduced from 20480000 to 7340032 to fit
[] : TXL0911W - (Warning) Stack limit less than recommended for TXL size (probable cause: shell stack limit)
[] : TXL0913I - (Information) Recursion stack limit reduced from 20480000 to 7340032 to fit
[] : TXL0911W - (Warning) Stack limit less than recommended for TXL size (probable cause: shell stack limit)
[] : TXL0913I - (Information) Recursion stack limit reduced from 20480000 to 7340032 to fit
[] : TXL0911W - (Warning) Stack limit less than recommended for TXL size (probable cause: shell stack limit)
[] : TXL0913I - (Information) Recursion stack limit reduced from 20480000 to 7340032 to fit
[] : TXL0911W - (Warning) Stack limit less than recommended for TXL size (probable cause: shell stack limit)
[] : TXL0913I - (Information) Recursion stack limit reduced from 20480000 to 7340032 to fit
[] : TXL0911W - (Warning) Stack limit less than recommended for TXL size (probable cause: shell stack limit)
[] : TXL0913I - (Information) Recursion stack limit reduced from 20480000 to 7340032 to fit
[] : TXL0911W - (Warning) Stack limit less than recommended for TXL size (probable cause: shell stack limit)
[] : TXL0913I - (Information) Recursion stack limit reduced from 20480000 to 7340032 to fit
[] : TXL0911W - (Warning) Stack limit less than recommended for TXL size (probable cause: shell stack limit)
[] : TXL0913I - (Information) Recursion stack limit reduced from 20480000 to 7340032 to fit
[] : TXL0911W - (Warning) Stack limit less than recommended for TXL size (probable cause: shell stack limit)
[] : TXL0913I - (Information) Recursion stack limit reduced from 20480000 to 7340032 to fit
[] : TXL0911W - (Warning) Stack limit less than recommended for TXL size (probable cause: shell stack limit)
[] : TXL0913I - (Information) Recursion stack limit reduced from 20480000 to 7340032 to fit
[] : TXL0911W - (Warning) Stack limit less than recommended for TXL size (probable cause: shell stack limit)
[] : TXL0913I - (Information) Recursion stack limit reduced from 20480000 to 7340032 to fit
[] : TXL0911W - (Warning) Stack limit less than recommended for TXL size (probable cause: shell stack limit)
[] : TXL0913I - (Information) Recursion stack limit reduced from 20480000 to 7340032 to fit
[] : TXL0911W - (Warning) Stack limit less than recommended for TXL size (probable cause: shell stack limit)
[] : TXL0913I - (Information) Recursion stack limit reduced from 20480000 to 7340032 to fit
[] : TXL0911W - (Warning) Stack limit less than recommended for TXL size (probable cause: shell stack limit)
[] : TXL0913I - (Information) Recursion stack limit reduced from 20480000 to 7340032 to fit
[] : TXL0911W - (Warning) Stack limit less than recommended for TXL size (probable cause: shell stack limit)
[] : TXL0913I - (Information) Recursion stack limit reduced from 20480000 to 7340032 to fit
[] : TXL0911W - (Warning) Stack limit less than recommended for TXL size (probable cause: shell stack limit)
[] : TXL0913I - (Information) Recursion stack limit reduced from 20480000 to 7340032 to fit
[] : TXL0911W - (Warning) Stack limit less than recommended for TXL size (probable cause: shell stack limit)
[] : TXL0913I - (Information) Recursion stack limit reduced from 20480000 to 7340032 to fit
[] : TXL0911W - (Warning) Stack limit less than recommended for TXL size (probable cause: shell stack limit)
[] : TXL0913I - (Information) Recursion stack limit reduced from 20480000 to 7340032 to fit
[] : TXL0911W - (Warning) Stack limit less than recommended for TXL size (probable cause: shell stack limit)
[] : TXL0913I - (Information) Recursion stack limit reduced from 20480000 to 7340032 to fit
[] : TXL0911W - (Warning) Stack limit less than recommended for TXL size (probable cause: shell stack limit)
[] : TXL0913I - (Information) Recursion stack limit reduced from 20480000 to 7340032 to fit
[] : TXL0911W - (Warning) Stack limit less than recommended for TXL size (probable cause: shell stack limit)
[] : TXL0913I - (Information) Recursion stack limit reduced from 20480000 to 7340032 to fit
[] : TXL0911W - (Warning) Stack limit less than recommended for TXL size (probable cause: shell stack limit)
[] : TXL0913I - (Information) Recursion stack limit reduced from 20480000 to 7340032 to fit
[] : TXL0911W - (Warning) Stack limit less than recommended for TXL size (probable cause: shell stack limit)
[] : TXL0913I - (Information) Recursion stack limit reduced from 20480000 to 7340032 to fit
[] : TXL0911W - (Warning) Stack limit less than recommended for TXL size (probable cause: shell stack limit)
[] : TXL0913I - (Information) Recursion stack limit reduced from 20480000 to 7340032 to fit
[] : TXL0911W - (Warning) Stack limit less than recommended for TXL size (probable cause: shell stack limit)
[] : TXL0913I - (Information) Recursion stack limit reduced from 20480000 to 7340032 to fit
[] : TXL0911W - (Warning) Stack limit less than recommended for TXL size (probable cause: shell stack limit)
[] : TXL0913I - (Information) Recursion stack limit reduced from 20480000 to 7340032 to fit
[] : TXL0911W - (Warning) Stack limit less than recommended for TXL size (probable cause: shell stack limit)
[] : TXL0913I - (Information) Recursion stack limit reduced from 20480000 to 7340032 to fit
[] : TXL0911W - (Warning) Stack limit less than recommended for TXL size (probable cause: shell stack limit)
[] : TXL0913I - (Information) Recursion stack limit reduced from 20480000 to 7340032 to fit
[] : TXL0911W - (Warning) Stack limit less than recommended for TXL size (probable cause: shell stack limit)
[] : TXL0913I - (Information) Recursion stack limit reduced from 20480000 to 7340032 to fit
[] : TXL0911W - (Warning) Stack limit less than recommended for TXL size (probable cause: shell stack limit)
[] : TXL0913I - (Information) Recursion stack limit reduced from 20480000 to 7340032 to fit
[] : TXL0911W - (Warning) Stack limit less than recommended for TXL size (probable cause: shell stack limit)
[] : TXL0913I - (Information) Recursion stack limit reduced from 20480000 to 7340032 to fit
[] : TXL0911W - (Warning) Stack limit less than recommended for TXL size (probable cause: shell stack limit)
[] : TXL0913I - (Information) Recursion stack limit reduced from 20480000 to 7340032 to fit
[] : TXL0911W - (Warning) Stack limit less than recommended for TXL size (probable cause: shell stack limit)
[] : TXL0913I - (Information) Recursion stack limit reduced from 20480000 to 7340032 to fit
[] : TXL0911W - (Warning) Stack limit less than recommended for TXL size (probable cause: shell stack limit)
[] : TXL0913I - (Information) Recursion stack limit reduced from 20480000 to 7340032 to fit
[] : TXL0911W - (Warning) Stack limit less than recommended for TXL size (probable cause: shell stack limit)
[] : TXL0913I - (Information) Recursion stack limit reduced from 20480000 to 7340032 to fit
[] : TXL0911W - (Warning) Stack limit less than recommended for TXL size (probable cause: shell stack limit)
[] : TXL0913I - (Information) Recursion stack limit reduced from 20480000 to 7340032 to fit
[] : TXL0911W - (Warning) Stack limit less than recommended for TXL size (probable cause: shell stack limit)
[] : TXL0913I - (Information) Recursion stack limit reduced from 20480000 to 7340032 to fit
[] : TXL0911W - (Warning) Stack limit less than recommended for TXL size (probable cause: shell stack limit)
[] : TXL0913I - (Information) Recursion stack limit reduced from 20480000 to 7340032 to fit
[] : TXL0911W - (Warning) Stack limit less than recommended for TXL size (probable cause: shell stack limit)
[] : TXL0913I - (Information) Recursion stack limit reduced from 20480000 to 7340032 to fit
[] : TXL0911W - (Warning) Stack limit less than recommended for TXL size (probable cause: shell stack limit)
[] : TXL0913I - (Information) Recursion stack limit reduced from 20480000 to 7340032 to fit
[] : TXL0911W - (Warning) Stack limit less than recommended for TXL size (probable cause: shell stack limit)
[] : TXL0913I - (Information) Recursion stack limit reduced from 20480000 to 7340032 to fit
[] : TXL0911W - (Warning) Stack limit less than recommended for TXL size (probable cause: shell stack limit)
[] : TXL0913I - (Information) Recursion stack limit reduced from 20480000 to 7340032 to fit
[] : TXL0911W - (Warning) Stack limit less than recommended for TXL size (probable cause: shell stack limit)
[] : TXL0913I - (Information) Recursion stack limit reduced from 20480000 to 7340032 to fit
[] : TXL0911W - (Warning) Stack limit less than recommended for TXL size (probable cause: shell stack limit)
[] : TXL0913I - (Information) Recursion stack limit reduced from 20480000 to 7340032 to fit
[] : TXL0911W - (Warning) Stack limit less than recommended for TXL size (probable cause: shell stack limit)
[] : TXL0913I - (Information) Recursion stack limit reduced from 20480000 to 7340032 to fit
[] : TXL0911W - (Warning) Stack limit less than recommended for TXL size (probable cause: shell stack limit)
[] : TXL0913I - (Information) Recursion stack limit reduced from 20480000 to 7340032 to fit
[] : TXL0911W - (Warning) Stack limit less than recommended for TXL size (probable cause: shell stack limit)
[] : TXL0913I - (Information) Recursion stack limit reduced from 20480000 to 7340032 to fit
[] : TXL0911W - (Warning) Stack limit less than recommended for TXL size (probable cause: shell stack limit)
[] : TXL0913I - (Information) Recursion stack limit reduced from 20480000 to 7340032 to fit
[] : TXL0911W - (Warning) Stack limit less than recommended for TXL size (probable cause: shell stack limit)
[] : TXL0913I - (Information) Recursion stack limit reduced from 20480000 to 7340032 to fit
[] : TXL0911W - (Warning) Stack limit less than recommended for TXL size (probable cause: shell stack limit)
[] : TXL0913I - (Information) Recursion stack limit reduced from 20480000 to 7340032 to fit
[] : TXL0911W - (Warning) Stack limit less than recommended for TXL size (probable cause: shell stack limit)
[] : TXL0913I - (Information) Recursion stack limit reduced from 20480000 to 7340032 to fit
[] : TXL0911W - (Warning) Stack limit less than recommended for TXL size (probable cause: shell stack limit)
[] : TXL0913I - (Information) Recursion stack limit reduced from 20480000 to 7340032 to fit
[] : TXL0911W - (Warning) Stack limit less than recommended for TXL size (probable cause: shell stack limit)
[] : TXL0913I - (Information) Recursion stack limit reduced from 20480000 to 7340032 to fit
[] : TXL0911W - (Warning) Stack limit less than recommended for TXL size (probable cause: shell stack limit)
[] : TXL0913I - (Information) Recursion stack limit reduced from 20480000 to 7340032 to fit
[] : TXL0911W - (Warning) Stack limit less than recommended for TXL size (probable cause: shell stack limit)
[] : TXL0913I - (Information) Recursion stack limit reduced from 20480000 to 7340032 to fit

2019年 6月 16日 日曜日 17:47:13 JST

2019年 6月 16日 日曜日 17:47:13 JST
./tools/clonepairs.x examples/JHotDraw54b1_functions.xml 0.00 10 2500 > examples/JHotDraw54b1_functions-clones/JHotDraw54b1_functions-clones-0.00.xml
Processing examples/JHotDraw54b1_functions.xml with difference threshold 0%, clone size 10 .. 2500 lines
Reading pcs ... done.
Total 2886/7200000 potential clones of 10 lines or more
Used 6805/120000000 total pc lines
Used 682228/720000000 unique line text chars
 and 11023/14400000 unique lines
Sorting pcs . done.
Finding clones .. done.
Total 5804 pc comparisons
Pruning embedded clone pairs .. done.
Pruned 0 embedded clone pairs
Found 1 clone pairs
Generating XML output . done.


real	0m0.075s
user	0m0.046s
sys	0m0.031s

2019年 6月 16日 日曜日 17:47:13 JST

2019年 6月 16日 日曜日 17:47:13 JST
./tools/cloneclasses.x examples/JHotDraw54b1_functions-clones/JHotDraw54b1_functions-clones-0.00.xml > examples/JHotDraw54b1_functions-clones/JHotDraw54b1_functions-clones-0.00-classes.xml
Processing examples/JHotDraw54b1_functions-clones/JHotDraw54b1_functions-clones-0.00.xml
Reading clone pairs . done.
Total 1 pairs
Sorting pairs . done.
Indexing pairs . done.
Computing classes . done.
Clustered clone pairs into 1 classes
Generating XML output . done.


real	0m0.088s
user	0m0.031s
sys	0m0.031s

2019年 6月 16日 日曜日 17:47:14 JST

